[INFO][2013-08-29 22:49:15,303][org.springframework.beans.factory.xml.XmlBeanDefinitionReader]Loading XML bean definitions from class path resource [beans.xml]
[INFO][2013-08-29 22:49:16,127][org.springframework.context.annotation.ClassPathBeanDefinitionScanner]JSR-330 'javax.inject.Named' annotation found and supported for component scanning
[INFO][2013-08-29 22:49:16,537][org.springframework.context.support.GenericApplicationContext]Refreshing org.springframework.context.support.GenericApplicationContext@512190b1: startup date [Thu Aug 29 22:49:16 CST 2013]; root of context hierarchy
[INFO][2013-08-29 22:49:16,896][org.springframework.beans.factory.annotation.AutowiredAnnotationBeanPostProcessor]JSR-330 'javax.inject.Inject' annotation found and supported for autowiring
[INFO][2013-08-29 22:49:17,537][com.mchange.v2.log.MLog]MLog clients using log4j logging.
[INFO][2013-08-29 22:49:18,015][com.mchange.v2.c3p0.C3P0Registry]Initializing c3p0-0.9.2.1 [built 20-March-2013 10:47:27 +0000; debug? true; trace: 10]
[INFO][2013-08-29 22:49:19,521][org.springframework.orm.jpa.LocalContainerEntityManagerFactoryBean]Building JPA container EntityManagerFactory for persistence unit 'generic'
[INFO][2013-08-29 22:49:20,211][org.hibernate.annotations.common.Version]HCANN000001: Hibernate Commons Annotations {4.0.2.Final}
[INFO][2013-08-29 22:49:20,237][org.hibernate.Version]HHH000412: Hibernate Core {4.2.4.Final}
[INFO][2013-08-29 22:49:20,245][org.hibernate.cfg.Environment]HHH000206: hibernate.properties not found
[INFO][2013-08-29 22:49:20,250][org.hibernate.cfg.Environment]HHH000021: Bytecode provider name : javassist
[INFO][2013-08-29 22:49:20,329][org.hibernate.ejb.Ejb3Configuration]HHH000204: Processing PersistenceUnitInfo [
	name: generic
	...]
[INFO][2013-08-29 22:49:20,776][org.hibernate.service.jdbc.connections.internal.ConnectionProviderInitiator]HHH000130: Instantiating explicit connection provider: org.hibernate.ejb.connection.InjectedDataSourceConnectionProvider
[INFO][2013-08-29 22:49:21,014][com.mchange.v2.c3p0.impl.AbstractPoolBackedDataSource]Initializing c3p0 pool... com.mchange.v2.c3p0.ComboPooledDataSource [ acquireIncrement -> 3, acquireRetryAttempts -> 30, acquireRetryDelay -> 1000, autoCommitOnClose -> false, automaticTestTable -> null, breakAfterAcquireFailure -> false, checkoutTimeout -> 0, connectionCustomizerClassName -> null, connectionTesterClassName -> com.mchange.v2.c3p0.impl.DefaultConnectionTester, dataSourceName -> 2sojc08w1k77pn812p7lvu|13e7748c, debugUnreturnedConnectionStackTraces -> false, description -> null, driverClass -> com.mysql.jdbc.Driver, factoryClassLocation -> null, forceIgnoreUnresolvedTransactions -> false, identityToken -> 2sojc08w1k77pn812p7lvu|13e7748c, idleConnectionTestPeriod -> 0, initialPoolSize -> 3, jdbcUrl -> jdbc:mysql://localhost:3306/db_generic, maxAdministrativeTaskTime -> 0, maxConnectionAge -> 0, maxIdleTime -> 0, maxIdleTimeExcessConnections -> 0, maxPoolSize -> 15, maxStatements -> 0, maxStatementsPerConnection -> 0, minPoolSize -> 3, numHelperThreads -> 3, preferredTestQuery -> null, properties -> {user=******, password=******}, propertyCycle -> 0, statementCacheNumDeferredCloseThreads -> 0, testConnectionOnCheckin -> false, testConnectionOnCheckout -> false, unreturnedConnectionTimeout -> 0, userOverrides -> {}, usesTraditionalReflectiveProxies -> false ]
[INFO][2013-08-29 22:49:39,023][org.hibernate.dialect.Dialect]HHH000400: Using dialect: org.hibernate.dialect.MySQL5Dialect
[INFO][2013-08-29 22:49:39,069][org.hibernate.engine.jdbc.internal.LobCreatorBuilder]HHH000424: Disabling contextual LOB creation as createClob() method threw error : java.lang.reflect.InvocationTargetException
[INFO][2013-08-29 22:49:39,579][org.hibernate.engine.transaction.internal.TransactionFactoryInitiator]HHH000268: Transaction strategy: org.hibernate.engine.transaction.internal.jdbc.JdbcTransactionFactory
[INFO][2013-08-29 22:49:39,602][org.hibernate.hql.internal.ast.ASTQueryTranslatorFactory]HHH000397: Using ASTQueryTranslatorFactory
[INFO][2013-08-29 22:49:39,804][org.hibernate.validator.internal.util.Version]HV000001: Hibernate Validator 5.0.1.Final
[INFO][2013-08-29 22:49:41,828][org.hibernate.tool.hbm2ddl.SchemaUpdate]HHH000228: Running hbm2ddl schema update
[INFO][2013-08-29 22:49:42,011][org.hibernate.tool.hbm2ddl.SchemaUpdate]HHH000102: Fetching database metadata
[INFO][2013-08-29 22:49:42,031][org.hibernate.tool.hbm2ddl.SchemaUpdate]HHH000396: Updating schema
[INFO][2013-08-29 22:49:42,249][org.hibernate.tool.hbm2ddl.TableMetadata]HHH000261: Table found: db_generic.t_customer
[INFO][2013-08-29 22:49:42,250][org.hibernate.tool.hbm2ddl.TableMetadata]HHH000037: Columns: [id, username, visible, date_modified, date_created, password, version]
[INFO][2013-08-29 22:49:42,251][org.hibernate.tool.hbm2ddl.TableMetadata]HHH000108: Foreign keys: []
[INFO][2013-08-29 22:49:42,251][org.hibernate.tool.hbm2ddl.TableMetadata]HHH000126: Indexes: [uk_todlmf3ht4o7oo7cg87gtvn1f, primary]
[INFO][2013-08-29 22:49:42,254][org.hibernate.tool.hbm2ddl.SchemaUpdate]HHH000232: Schema update complete
[INFO][2013-08-29 22:49:42,540][org.springframework.beans.factory.support.DefaultListableBeanFactory]Pre-instantiating singletons in org.springframework.beans.factory.support.DefaultListableBeanFactory@54b2d7e8: defining beans [org.springframework.context.annotation.internalConfigurationAnnotationProcessor,org.springframework.context.annotation.internalAutowiredAnnotationProcessor,org.springframework.context.annotation.internalRequiredAnnotationProcessor,org.springframework.context.annotation.internalCommonAnnotationProcessor,org.springframework.context.annotation.internalPersistenceAnnotationProcessor,customerDao,dataSource,jdbcTemplate,entityManagerFactory,txManager,org.springframework.aop.config.internalAutoProxyCreator,allMethods,org.springframework.aop.support.DefaultBeanFactoryPointcutAdvisor#0,txAdvice,org.springframework.context.annotation.ConfigurationClassPostProcessor.importAwareProcessor]; root of factory hierarchy
[WARN][2013-08-29 22:49:43,750][org.dbunit.dataset.AbstractTableMetaData]Potential problem found: The configured data type factory 'class org.dbunit.dataset.datatype.DefaultDataTypeFactory' might cause problems with the current database 'MySQL' (e.g. some datatypes may not be supported properly). In rare cases you might see this message because the list of supported database products is incomplete (list=[derby]). If so please request a java-class update via the forums.If you are using your own IDataTypeFactory extending DefaultDataTypeFactory, ensure that you override getValidDbProducts() to specify the supported database products.
[WARN][2013-08-29 22:49:43,934][org.dbunit.dataset.AbstractTableMetaData]Potential problem found: The configured data type factory 'class org.dbunit.dataset.datatype.DefaultDataTypeFactory' might cause problems with the current database 'MySQL' (e.g. some datatypes may not be supported properly). In rare cases you might see this message because the list of supported database products is incomplete (list=[derby]). If so please request a java-class update via the forums.If you are using your own IDataTypeFactory extending DefaultDataTypeFactory, ensure that you override getValidDbProducts() to specify the supported database products.
[INFO][2013-08-29 22:49:46,126][org.springframework.context.support.GenericApplicationContext]Closing org.springframework.context.support.GenericApplicationContext@512190b1: startup date [Thu Aug 29 22:49:16 CST 2013]; root of context hierarchy
[INFO][2013-08-29 22:49:46,128][org.springframework.beans.factory.support.DefaultListableBeanFactory]Destroying singletons in org.springframework.beans.factory.support.DefaultListableBeanFactory@54b2d7e8: defining beans [org.springframework.context.annotation.internalConfigurationAnnotationProcessor,org.springframework.context.annotation.internalAutowiredAnnotationProcessor,org.springframework.context.annotation.internalRequiredAnnotationProcessor,org.springframework.context.annotation.internalCommonAnnotationProcessor,org.springframework.context.annotation.internalPersistenceAnnotationProcessor,customerDao,dataSource,jdbcTemplate,entityManagerFactory,txManager,org.springframework.aop.config.internalAutoProxyCreator,allMethods,org.springframework.aop.support.DefaultBeanFactoryPointcutAdvisor#0,txAdvice,org.springframework.context.annotation.ConfigurationClassPostProcessor.importAwareProcessor]; root of factory hierarchy
[INFO][2013-08-29 22:49:46,130][org.springframework.orm.jpa.LocalContainerEntityManagerFactoryBean]Closing JPA EntityManagerFactory for persistence unit 'generic'
[INFO][2013-08-29 23:14:40,167][org.springframework.beans.factory.xml.XmlBeanDefinitionReader]Loading XML bean definitions from class path resource [beans.xml]
[INFO][2013-08-29 23:14:41,068][org.springframework.context.annotation.ClassPathBeanDefinitionScanner]JSR-330 'javax.inject.Named' annotation found and supported for component scanning
[INFO][2013-08-29 23:14:41,502][org.springframework.context.support.GenericApplicationContext]Refreshing org.springframework.context.support.GenericApplicationContext@64bf091d: startup date [Thu Aug 29 23:14:41 CST 2013]; root of context hierarchy
[INFO][2013-08-29 23:14:42,000][org.springframework.beans.factory.annotation.AutowiredAnnotationBeanPostProcessor]JSR-330 'javax.inject.Inject' annotation found and supported for autowiring
[INFO][2013-08-29 23:14:42,698][com.mchange.v2.log.MLog]MLog clients using log4j logging.
[INFO][2013-08-29 23:14:43,255][com.mchange.v2.c3p0.C3P0Registry]Initializing c3p0-0.9.2.1 [built 20-March-2013 10:47:27 +0000; debug? true; trace: 10]
[INFO][2013-08-29 23:14:44,978][org.springframework.orm.jpa.LocalContainerEntityManagerFactoryBean]Building JPA container EntityManagerFactory for persistence unit 'generic'
[INFO][2013-08-29 23:14:45,766][org.hibernate.annotations.common.Version]HCANN000001: Hibernate Commons Annotations {4.0.2.Final}
[INFO][2013-08-29 23:14:45,791][org.hibernate.Version]HHH000412: Hibernate Core {4.2.4.Final}
[INFO][2013-08-29 23:14:45,799][org.hibernate.cfg.Environment]HHH000206: hibernate.properties not found
[INFO][2013-08-29 23:14:45,804][org.hibernate.cfg.Environment]HHH000021: Bytecode provider name : javassist
[INFO][2013-08-29 23:14:45,892][org.hibernate.ejb.Ejb3Configuration]HHH000204: Processing PersistenceUnitInfo [
	name: generic
	...]
[INFO][2013-08-29 23:14:46,335][org.hibernate.service.jdbc.connections.internal.ConnectionProviderInitiator]HHH000130: Instantiating explicit connection provider: org.hibernate.ejb.connection.InjectedDataSourceConnectionProvider
[INFO][2013-08-29 23:14:46,611][com.mchange.v2.c3p0.impl.AbstractPoolBackedDataSource]Initializing c3p0 pool... com.mchange.v2.c3p0.ComboPooledDataSource [ acquireIncrement -> 3, acquireRetryAttempts -> 30, acquireRetryDelay -> 1000, autoCommitOnClose -> false, automaticTestTable -> null, breakAfterAcquireFailure -> false, checkoutTimeout -> 0, connectionCustomizerClassName -> null, connectionTesterClassName -> com.mchange.v2.c3p0.impl.DefaultConnectionTester, dataSourceName -> 1hge1a68w1k84ei01cltos|40949d89, debugUnreturnedConnectionStackTraces -> false, description -> null, driverClass -> com.mysql.jdbc.Driver, factoryClassLocation -> null, forceIgnoreUnresolvedTransactions -> false, identityToken -> 1hge1a68w1k84ei01cltos|40949d89, idleConnectionTestPeriod -> 0, initialPoolSize -> 3, jdbcUrl -> jdbc:mysql://localhost:3306/db_generic, maxAdministrativeTaskTime -> 0, maxConnectionAge -> 0, maxIdleTime -> 0, maxIdleTimeExcessConnections -> 0, maxPoolSize -> 15, maxStatements -> 0, maxStatementsPerConnection -> 0, minPoolSize -> 3, numHelperThreads -> 3, preferredTestQuery -> null, properties -> {user=******, password=******}, propertyCycle -> 0, statementCacheNumDeferredCloseThreads -> 0, testConnectionOnCheckin -> false, testConnectionOnCheckout -> false, unreturnedConnectionTimeout -> 0, userOverrides -> {}, usesTraditionalReflectiveProxies -> false ]
[INFO][2013-08-29 23:14:47,614][org.hibernate.dialect.Dialect]HHH000400: Using dialect: org.hibernate.dialect.MySQL5Dialect
[INFO][2013-08-29 23:14:47,650][org.hibernate.engine.jdbc.internal.LobCreatorBuilder]HHH000424: Disabling contextual LOB creation as createClob() method threw error : java.lang.reflect.InvocationTargetException
[INFO][2013-08-29 23:14:48,146][org.hibernate.engine.transaction.internal.TransactionFactoryInitiator]HHH000268: Transaction strategy: org.hibernate.engine.transaction.internal.jdbc.JdbcTransactionFactory
[INFO][2013-08-29 23:14:48,168][org.hibernate.hql.internal.ast.ASTQueryTranslatorFactory]HHH000397: Using ASTQueryTranslatorFactory
[INFO][2013-08-29 23:14:48,417][org.hibernate.validator.internal.util.Version]HV000001: Hibernate Validator 5.0.1.Final
[INFO][2013-08-29 23:14:49,630][org.hibernate.tool.hbm2ddl.SchemaUpdate]HHH000228: Running hbm2ddl schema update
[INFO][2013-08-29 23:14:49,631][org.hibernate.tool.hbm2ddl.SchemaUpdate]HHH000102: Fetching database metadata
[INFO][2013-08-29 23:14:49,645][org.hibernate.tool.hbm2ddl.SchemaUpdate]HHH000396: Updating schema
[INFO][2013-08-29 23:14:49,715][org.hibernate.tool.hbm2ddl.TableMetadata]HHH000261: Table found: db_generic.t_customer
[INFO][2013-08-29 23:14:49,716][org.hibernate.tool.hbm2ddl.TableMetadata]HHH000037: Columns: [id, username, visible, date_modified, date_created, password, version]
[INFO][2013-08-29 23:14:49,717][org.hibernate.tool.hbm2ddl.TableMetadata]HHH000108: Foreign keys: []
[INFO][2013-08-29 23:14:49,717][org.hibernate.tool.hbm2ddl.TableMetadata]HHH000126: Indexes: [uk_todlmf3ht4o7oo7cg87gtvn1f, primary]
[INFO][2013-08-29 23:14:49,719][org.hibernate.tool.hbm2ddl.SchemaUpdate]HHH000232: Schema update complete
[INFO][2013-08-29 23:14:49,963][org.springframework.beans.factory.support.DefaultListableBeanFactory]Pre-instantiating singletons in org.springframework.beans.factory.support.DefaultListableBeanFactory@1f1117d3: defining beans [org.springframework.context.annotation.internalConfigurationAnnotationProcessor,org.springframework.context.annotation.internalAutowiredAnnotationProcessor,org.springframework.context.annotation.internalRequiredAnnotationProcessor,org.springframework.context.annotation.internalCommonAnnotationProcessor,org.springframework.context.annotation.internalPersistenceAnnotationProcessor,customerDao,dataSource,jdbcTemplate,entityManagerFactory,txManager,org.springframework.aop.config.internalAutoProxyCreator,allMethods,org.springframework.aop.support.DefaultBeanFactoryPointcutAdvisor#0,txAdvice,org.springframework.context.annotation.ConfigurationClassPostProcessor.importAwareProcessor]; root of factory hierarchy
[WARN][2013-08-29 23:14:51,204][org.dbunit.dataset.AbstractTableMetaData]Potential problem found: The configured data type factory 'class org.dbunit.dataset.datatype.DefaultDataTypeFactory' might cause problems with the current database 'MySQL' (e.g. some datatypes may not be supported properly). In rare cases you might see this message because the list of supported database products is incomplete (list=[derby]). If so please request a java-class update via the forums.If you are using your own IDataTypeFactory extending DefaultDataTypeFactory, ensure that you override getValidDbProducts() to specify the supported database products.
[WARN][2013-08-29 23:14:51,314][org.dbunit.dataset.AbstractTableMetaData]Potential problem found: The configured data type factory 'class org.dbunit.dataset.datatype.DefaultDataTypeFactory' might cause problems with the current database 'MySQL' (e.g. some datatypes may not be supported properly). In rare cases you might see this message because the list of supported database products is incomplete (list=[derby]). If so please request a java-class update via the forums.If you are using your own IDataTypeFactory extending DefaultDataTypeFactory, ensure that you override getValidDbProducts() to specify the supported database products.
[INFO][2013-08-29 23:14:53,800][org.springframework.context.support.GenericApplicationContext]Closing org.springframework.context.support.GenericApplicationContext@64bf091d: startup date [Thu Aug 29 23:14:41 CST 2013]; root of context hierarchy
[INFO][2013-08-29 23:14:53,802][org.springframework.beans.factory.support.DefaultListableBeanFactory]Destroying singletons in org.springframework.beans.factory.support.DefaultListableBeanFactory@1f1117d3: defining beans [org.springframework.context.annotation.internalConfigurationAnnotationProcessor,org.springframework.context.annotation.internalAutowiredAnnotationProcessor,org.springframework.context.annotation.internalRequiredAnnotationProcessor,org.springframework.context.annotation.internalCommonAnnotationProcessor,org.springframework.context.annotation.internalPersistenceAnnotationProcessor,customerDao,dataSource,jdbcTemplate,entityManagerFactory,txManager,org.springframework.aop.config.internalAutoProxyCreator,allMethods,org.springframework.aop.support.DefaultBeanFactoryPointcutAdvisor#0,txAdvice,org.springframework.context.annotation.ConfigurationClassPostProcessor.importAwareProcessor]; root of factory hierarchy
[INFO][2013-08-29 23:14:53,806][org.springframework.orm.jpa.LocalContainerEntityManagerFactoryBean]Closing JPA EntityManagerFactory for persistence unit 'generic'
