[INFO][2013-08-29 22:50:05,849][org.springframework.beans.factory.xml.XmlBeanDefinitionReader]Loading XML bean definitions from class path resource [beans.xml]
[INFO][2013-08-29 22:50:06,850][org.springframework.context.annotation.ClassPathBeanDefinitionScanner]JSR-330 'javax.inject.Named' annotation found and supported for component scanning
[INFO][2013-08-29 22:50:07,276][org.springframework.context.support.GenericApplicationContext]Refreshing org.springframework.context.support.GenericApplicationContext@5183ee27: startup date [Thu Aug 29 22:50:07 CST 2013]; root of context hierarchy
[INFO][2013-08-29 22:50:07,762][org.springframework.beans.factory.annotation.AutowiredAnnotationBeanPostProcessor]JSR-330 'javax.inject.Inject' annotation found and supported for autowiring
[INFO][2013-08-29 22:50:08,006][org.springframework.beans.factory.support.DefaultListableBeanFactory]Pre-instantiating singletons in org.springframework.beans.factory.support.DefaultListableBeanFactory@54a8e52d: defining beans [org.springframework.context.annotation.internalConfigurationAnnotationProcessor,org.springframework.context.annotation.internalAutowiredAnnotationProcessor,org.springframework.context.annotation.internalRequiredAnnotationProcessor,org.springframework.context.annotation.internalCommonAnnotationProcessor,org.springframework.context.annotation.internalPersistenceAnnotationProcessor,customerDao,dataSource,jdbcTemplate,sessionFactory,txManager,org.springframework.aop.config.internalAutoProxyCreator,allMethods,org.springframework.aop.support.DefaultBeanFactoryPointcutAdvisor#0,txAdvice,org.springframework.context.annotation.ConfigurationClassPostProcessor.importAwareProcessor]; root of factory hierarchy
[INFO][2013-08-29 22:50:10,071][org.hibernate.annotations.common.Version]HCANN000001: Hibernate Commons Annotations {4.0.2.Final}
[INFO][2013-08-29 22:50:10,104][org.hibernate.Version]HHH000412: Hibernate Core {4.2.4.Final}
[INFO][2013-08-29 22:50:10,117][org.hibernate.cfg.Environment]HHH000206: hibernate.properties not found
[INFO][2013-08-29 22:50:10,124][org.hibernate.cfg.Environment]HHH000021: Bytecode provider name : javassist
[INFO][2013-08-29 22:50:11,937][org.hibernate.dialect.Dialect]HHH000400: Using dialect: org.hibernate.dialect.MySQLDialect
[INFO][2013-08-29 22:50:12,638][org.hibernate.engine.transaction.internal.TransactionFactoryInitiator]HHH000399: Using default transaction strategy (direct JDBC transactions)
[INFO][2013-08-29 22:50:12,673][org.hibernate.hql.internal.ast.ASTQueryTranslatorFactory]HHH000397: Using ASTQueryTranslatorFactory
[INFO][2013-08-29 22:50:12,949][org.hibernate.validator.internal.util.Version]HV000001: Hibernate Validator 5.0.1.Final
[INFO][2013-08-29 22:50:14,587][org.hibernate.tool.hbm2ddl.SchemaUpdate]HHH000228: Running hbm2ddl schema update
[INFO][2013-08-29 22:50:14,588][org.hibernate.tool.hbm2ddl.SchemaUpdate]HHH000102: Fetching database metadata
[INFO][2013-08-29 22:50:14,601][org.hibernate.tool.hbm2ddl.SchemaUpdate]HHH000396: Updating schema
[INFO][2013-08-29 22:50:14,701][org.hibernate.tool.hbm2ddl.TableMetadata]HHH000261: Table found: db_generic.t_customer
[INFO][2013-08-29 22:50:14,702][org.hibernate.tool.hbm2ddl.TableMetadata]HHH000037: Columns: [id, username, visible, date_modified, date_created, password, version]
[INFO][2013-08-29 22:50:14,703][org.hibernate.tool.hbm2ddl.TableMetadata]HHH000108: Foreign keys: []
[INFO][2013-08-29 22:50:14,703][org.hibernate.tool.hbm2ddl.TableMetadata]HHH000126: Indexes: [uk_todlmf3ht4o7oo7cg87gtvn1f, primary]
[INFO][2013-08-29 22:50:14,706][org.hibernate.tool.hbm2ddl.SchemaUpdate]HHH000232: Schema update complete
[INFO][2013-08-29 22:50:15,059][org.springframework.orm.hibernate4.HibernateTransactionManager]Using DataSource [org.apache.commons.dbcp.BasicDataSource@90a1a9a] of Hibernate SessionFactory for HibernateTransactionManager
[WARN][2013-08-29 22:50:15,935][org.dbunit.dataset.AbstractTableMetaData]Potential problem found: The configured data type factory 'class org.dbunit.dataset.datatype.DefaultDataTypeFactory' might cause problems with the current database 'MySQL' (e.g. some datatypes may not be supported properly). In rare cases you might see this message because the list of supported database products is incomplete (list=[derby]). If so please request a java-class update via the forums.If you are using your own IDataTypeFactory extending DefaultDataTypeFactory, ensure that you override getValidDbProducts() to specify the supported database products.
[WARN][2013-08-29 22:50:16,151][org.dbunit.dataset.AbstractTableMetaData]Potential problem found: The configured data type factory 'class org.dbunit.dataset.datatype.DefaultDataTypeFactory' might cause problems with the current database 'MySQL' (e.g. some datatypes may not be supported properly). In rare cases you might see this message because the list of supported database products is incomplete (list=[derby]). If so please request a java-class update via the forums.If you are using your own IDataTypeFactory extending DefaultDataTypeFactory, ensure that you override getValidDbProducts() to specify the supported database products.
[INFO][2013-08-29 22:50:18,309][org.springframework.context.support.GenericApplicationContext]Closing org.springframework.context.support.GenericApplicationContext@5183ee27: startup date [Thu Aug 29 22:50:07 CST 2013]; root of context hierarchy
[INFO][2013-08-29 22:50:18,314][org.springframework.beans.factory.support.DefaultListableBeanFactory]Destroying singletons in org.springframework.beans.factory.support.DefaultListableBeanFactory@54a8e52d: defining beans [org.springframework.context.annotation.internalConfigurationAnnotationProcessor,org.springframework.context.annotation.internalAutowiredAnnotationProcessor,org.springframework.context.annotation.internalRequiredAnnotationProcessor,org.springframework.context.annotation.internalCommonAnnotationProcessor,org.springframework.context.annotation.internalPersistenceAnnotationProcessor,customerDao,dataSource,jdbcTemplate,sessionFactory,txManager,org.springframework.aop.config.internalAutoProxyCreator,allMethods,org.springframework.aop.support.DefaultBeanFactoryPointcutAdvisor#0,txAdvice,org.springframework.context.annotation.ConfigurationClassPostProcessor.importAwareProcessor]; root of factory hierarchy
[INFO][2013-08-29 22:55:19,981][org.springframework.beans.factory.xml.XmlBeanDefinitionReader]Loading XML bean definitions from class path resource [beans.xml]
[INFO][2013-08-29 22:55:20,959][org.springframework.context.annotation.ClassPathBeanDefinitionScanner]JSR-330 'javax.inject.Named' annotation found and supported for component scanning
[INFO][2013-08-29 22:55:21,432][org.springframework.context.support.GenericApplicationContext]Refreshing org.springframework.context.support.GenericApplicationContext@6522d847: startup date [Thu Aug 29 22:55:21 CST 2013]; root of context hierarchy
[INFO][2013-08-29 22:55:21,861][org.springframework.beans.factory.annotation.AutowiredAnnotationBeanPostProcessor]JSR-330 'javax.inject.Inject' annotation found and supported for autowiring
[INFO][2013-08-29 22:55:22,138][org.springframework.beans.factory.support.DefaultListableBeanFactory]Pre-instantiating singletons in org.springframework.beans.factory.support.DefaultListableBeanFactory@20a3dde9: defining beans [org.springframework.context.annotation.internalConfigurationAnnotationProcessor,org.springframework.context.annotation.internalAutowiredAnnotationProcessor,org.springframework.context.annotation.internalRequiredAnnotationProcessor,org.springframework.context.annotation.internalCommonAnnotationProcessor,org.springframework.context.annotation.internalPersistenceAnnotationProcessor,customerDao,dataSource,jdbcTemplate,sessionFactory,txManager,org.springframework.aop.config.internalAutoProxyCreator,allMethods,org.springframework.aop.support.DefaultBeanFactoryPointcutAdvisor#0,txAdvice,org.springframework.context.annotation.ConfigurationClassPostProcessor.importAwareProcessor]; root of factory hierarchy
[INFO][2013-08-29 22:55:24,197][org.hibernate.annotations.common.Version]HCANN000001: Hibernate Commons Annotations {4.0.2.Final}
[INFO][2013-08-29 22:55:24,231][org.hibernate.Version]HHH000412: Hibernate Core {4.2.4.Final}
[INFO][2013-08-29 22:55:24,242][org.hibernate.cfg.Environment]HHH000206: hibernate.properties not found
[INFO][2013-08-29 22:55:24,249][org.hibernate.cfg.Environment]HHH000021: Bytecode provider name : javassist
[INFO][2013-08-29 22:55:26,007][org.hibernate.dialect.Dialect]HHH000400: Using dialect: org.hibernate.dialect.MySQLDialect
[INFO][2013-08-29 22:55:26,620][org.hibernate.engine.transaction.internal.TransactionFactoryInitiator]HHH000399: Using default transaction strategy (direct JDBC transactions)
[INFO][2013-08-29 22:55:26,649][org.hibernate.hql.internal.ast.ASTQueryTranslatorFactory]HHH000397: Using ASTQueryTranslatorFactory
[INFO][2013-08-29 22:55:26,904][org.hibernate.validator.internal.util.Version]HV000001: Hibernate Validator 5.0.1.Final
[INFO][2013-08-29 22:55:28,411][org.hibernate.tool.hbm2ddl.SchemaUpdate]HHH000228: Running hbm2ddl schema update
[INFO][2013-08-29 22:55:28,413][org.hibernate.tool.hbm2ddl.SchemaUpdate]HHH000102: Fetching database metadata
[INFO][2013-08-29 22:55:28,426][org.hibernate.tool.hbm2ddl.SchemaUpdate]HHH000396: Updating schema
[INFO][2013-08-29 22:55:28,520][org.hibernate.tool.hbm2ddl.TableMetadata]HHH000261: Table found: db_generic.t_customer
[INFO][2013-08-29 22:55:28,521][org.hibernate.tool.hbm2ddl.TableMetadata]HHH000037: Columns: [id, username, visible, date_modified, date_created, password, version]
[INFO][2013-08-29 22:55:28,522][org.hibernate.tool.hbm2ddl.TableMetadata]HHH000108: Foreign keys: []
[INFO][2013-08-29 22:55:28,522][org.hibernate.tool.hbm2ddl.TableMetadata]HHH000126: Indexes: [uk_todlmf3ht4o7oo7cg87gtvn1f, primary]
[INFO][2013-08-29 22:55:28,525][org.hibernate.tool.hbm2ddl.SchemaUpdate]HHH000232: Schema update complete
[INFO][2013-08-29 22:55:28,904][org.springframework.orm.hibernate4.HibernateTransactionManager]Using DataSource [org.apache.commons.dbcp.BasicDataSource@5278c5f0] of Hibernate SessionFactory for HibernateTransactionManager
[WARN][2013-08-29 22:55:29,948][org.dbunit.dataset.AbstractTableMetaData]Potential problem found: The configured data type factory 'class org.dbunit.dataset.datatype.DefaultDataTypeFactory' might cause problems with the current database 'MySQL' (e.g. some datatypes may not be supported properly). In rare cases you might see this message because the list of supported database products is incomplete (list=[derby]). If so please request a java-class update via the forums.If you are using your own IDataTypeFactory extending DefaultDataTypeFactory, ensure that you override getValidDbProducts() to specify the supported database products.
[WARN][2013-08-29 22:55:30,068][org.dbunit.dataset.AbstractTableMetaData]Potential problem found: The configured data type factory 'class org.dbunit.dataset.datatype.DefaultDataTypeFactory' might cause problems with the current database 'MySQL' (e.g. some datatypes may not be supported properly). In rare cases you might see this message because the list of supported database products is incomplete (list=[derby]). If so please request a java-class update via the forums.If you are using your own IDataTypeFactory extending DefaultDataTypeFactory, ensure that you override getValidDbProducts() to specify the supported database products.
[INFO][2013-08-29 22:55:32,073][org.springframework.context.support.GenericApplicationContext]Closing org.springframework.context.support.GenericApplicationContext@6522d847: startup date [Thu Aug 29 22:55:21 CST 2013]; root of context hierarchy
[INFO][2013-08-29 22:55:32,083][org.springframework.beans.factory.support.DefaultListableBeanFactory]Destroying singletons in org.springframework.beans.factory.support.DefaultListableBeanFactory@20a3dde9: defining beans [org.springframework.context.annotation.internalConfigurationAnnotationProcessor,org.springframework.context.annotation.internalAutowiredAnnotationProcessor,org.springframework.context.annotation.internalRequiredAnnotationProcessor,org.springframework.context.annotation.internalCommonAnnotationProcessor,org.springframework.context.annotation.internalPersistenceAnnotationProcessor,customerDao,dataSource,jdbcTemplate,sessionFactory,txManager,org.springframework.aop.config.internalAutoProxyCreator,allMethods,org.springframework.aop.support.DefaultBeanFactoryPointcutAdvisor#0,txAdvice,org.springframework.context.annotation.ConfigurationClassPostProcessor.importAwareProcessor]; root of factory hierarchy
[INFO][2013-08-29 22:57:04,349][org.springframework.beans.factory.xml.XmlBeanDefinitionReader]Loading XML bean definitions from class path resource [beans.xml]
[INFO][2013-08-29 22:57:05,625][org.springframework.context.annotation.ClassPathBeanDefinitionScanner]JSR-330 'javax.inject.Named' annotation found and supported for component scanning
[INFO][2013-08-29 22:57:06,130][org.springframework.context.support.GenericApplicationContext]Refreshing org.springframework.context.support.GenericApplicationContext@3458fd2: startup date [Thu Aug 29 22:57:06 CST 2013]; root of context hierarchy
[INFO][2013-08-29 22:57:06,680][org.springframework.beans.factory.annotation.AutowiredAnnotationBeanPostProcessor]JSR-330 'javax.inject.Inject' annotation found and supported for autowiring
[INFO][2013-08-29 22:57:06,990][org.springframework.beans.factory.support.DefaultListableBeanFactory]Pre-instantiating singletons in org.springframework.beans.factory.support.DefaultListableBeanFactory@55a32acc: defining beans [org.springframework.context.annotation.internalConfigurationAnnotationProcessor,org.springframework.context.annotation.internalAutowiredAnnotationProcessor,org.springframework.context.annotation.internalRequiredAnnotationProcessor,org.springframework.context.annotation.internalCommonAnnotationProcessor,org.springframework.context.annotation.internalPersistenceAnnotationProcessor,customerDao,dataSource,jdbcTemplate,sessionFactory,txManager,org.springframework.aop.config.internalAutoProxyCreator,allMethods,org.springframework.aop.support.DefaultBeanFactoryPointcutAdvisor#0,txAdvice,org.springframework.context.annotation.ConfigurationClassPostProcessor.importAwareProcessor]; root of factory hierarchy
[INFO][2013-08-29 22:57:09,584][org.hibernate.annotations.common.Version]HCANN000001: Hibernate Commons Annotations {4.0.2.Final}
[INFO][2013-08-29 22:57:09,626][org.hibernate.Version]HHH000412: Hibernate Core {4.2.4.Final}
[INFO][2013-08-29 22:57:09,642][org.hibernate.cfg.Environment]HHH000206: hibernate.properties not found
[INFO][2013-08-29 22:57:09,652][org.hibernate.cfg.Environment]HHH000021: Bytecode provider name : javassist
[INFO][2013-08-29 22:57:12,022][org.hibernate.dialect.Dialect]HHH000400: Using dialect: org.hibernate.dialect.MySQLDialect
[INFO][2013-08-29 22:57:12,877][org.hibernate.engine.transaction.internal.TransactionFactoryInitiator]HHH000399: Using default transaction strategy (direct JDBC transactions)
[INFO][2013-08-29 22:57:12,911][org.hibernate.hql.internal.ast.ASTQueryTranslatorFactory]HHH000397: Using ASTQueryTranslatorFactory
[INFO][2013-08-29 22:57:13,167][org.hibernate.validator.internal.util.Version]HV000001: Hibernate Validator 5.0.1.Final
[INFO][2013-08-29 22:57:14,821][org.hibernate.tool.hbm2ddl.SchemaUpdate]HHH000228: Running hbm2ddl schema update
[INFO][2013-08-29 22:57:14,822][org.hibernate.tool.hbm2ddl.SchemaUpdate]HHH000102: Fetching database metadata
[INFO][2013-08-29 22:57:14,831][org.hibernate.tool.hbm2ddl.SchemaUpdate]HHH000396: Updating schema
[INFO][2013-08-29 22:57:14,917][org.hibernate.tool.hbm2ddl.TableMetadata]HHH000261: Table found: db_generic.t_customer
[INFO][2013-08-29 22:57:14,918][org.hibernate.tool.hbm2ddl.TableMetadata]HHH000037: Columns: [id, username, visible, date_modified, date_created, password, version]
[INFO][2013-08-29 22:57:14,919][org.hibernate.tool.hbm2ddl.TableMetadata]HHH000108: Foreign keys: []
[INFO][2013-08-29 22:57:14,919][org.hibernate.tool.hbm2ddl.TableMetadata]HHH000126: Indexes: [uk_todlmf3ht4o7oo7cg87gtvn1f, primary]
[INFO][2013-08-29 22:57:14,922][org.hibernate.tool.hbm2ddl.SchemaUpdate]HHH000232: Schema update complete
[INFO][2013-08-29 22:57:15,316][org.springframework.orm.hibernate4.HibernateTransactionManager]Using DataSource [org.apache.commons.dbcp.BasicDataSource@bf3aef3] of Hibernate SessionFactory for HibernateTransactionManager
[WARN][2013-08-29 22:57:16,482][org.dbunit.dataset.AbstractTableMetaData]Potential problem found: The configured data type factory 'class org.dbunit.dataset.datatype.DefaultDataTypeFactory' might cause problems with the current database 'MySQL' (e.g. some datatypes may not be supported properly). In rare cases you might see this message because the list of supported database products is incomplete (list=[derby]). If so please request a java-class update via the forums.If you are using your own IDataTypeFactory extending DefaultDataTypeFactory, ensure that you override getValidDbProducts() to specify the supported database products.
[WARN][2013-08-29 22:57:16,610][org.dbunit.dataset.AbstractTableMetaData]Potential problem found: The configured data type factory 'class org.dbunit.dataset.datatype.DefaultDataTypeFactory' might cause problems with the current database 'MySQL' (e.g. some datatypes may not be supported properly). In rare cases you might see this message because the list of supported database products is incomplete (list=[derby]). If so please request a java-class update via the forums.If you are using your own IDataTypeFactory extending DefaultDataTypeFactory, ensure that you override getValidDbProducts() to specify the supported database products.
[INFO][2013-08-29 22:59:36,828][org.springframework.context.support.GenericApplicationContext]Closing org.springframework.context.support.GenericApplicationContext@3458fd2: startup date [Thu Aug 29 22:57:06 CST 2013]; root of context hierarchy
[INFO][2013-08-29 22:59:36,838][org.springframework.beans.factory.support.DefaultListableBeanFactory]Destroying singletons in org.springframework.beans.factory.support.DefaultListableBeanFactory@55a32acc: defining beans [org.springframework.context.annotation.internalConfigurationAnnotationProcessor,org.springframework.context.annotation.internalAutowiredAnnotationProcessor,org.springframework.context.annotation.internalRequiredAnnotationProcessor,org.springframework.context.annotation.internalCommonAnnotationProcessor,org.springframework.context.annotation.internalPersistenceAnnotationProcessor,customerDao,dataSource,jdbcTemplate,sessionFactory,txManager,org.springframework.aop.config.internalAutoProxyCreator,allMethods,org.springframework.aop.support.DefaultBeanFactoryPointcutAdvisor#0,txAdvice,org.springframework.context.annotation.ConfigurationClassPostProcessor.importAwareProcessor]; root of factory hierarchy
[INFO][2013-08-29 23:02:45,285][org.springframework.beans.factory.xml.XmlBeanDefinitionReader]Loading XML bean definitions from class path resource [beans.xml]
[INFO][2013-08-29 23:02:46,567][org.springframework.context.annotation.ClassPathBeanDefinitionScanner]JSR-330 'javax.inject.Named' annotation found and supported for component scanning
[INFO][2013-08-29 23:02:47,135][org.springframework.context.support.GenericApplicationContext]Refreshing org.springframework.context.support.GenericApplicationContext@443efcc7: startup date [Thu Aug 29 23:02:47 CST 2013]; root of context hierarchy
[INFO][2013-08-29 23:02:47,576][org.springframework.beans.factory.annotation.AutowiredAnnotationBeanPostProcessor]JSR-330 'javax.inject.Inject' annotation found and supported for autowiring
[INFO][2013-08-29 23:02:47,892][org.springframework.beans.factory.support.DefaultListableBeanFactory]Pre-instantiating singletons in org.springframework.beans.factory.support.DefaultListableBeanFactory@55a32acc: defining beans [org.springframework.context.annotation.internalConfigurationAnnotationProcessor,org.springframework.context.annotation.internalAutowiredAnnotationProcessor,org.springframework.context.annotation.internalRequiredAnnotationProcessor,org.springframework.context.annotation.internalCommonAnnotationProcessor,org.springframework.context.annotation.internalPersistenceAnnotationProcessor,customerDao,dataSource,jdbcTemplate,sessionFactory,txManager,org.springframework.aop.config.internalAutoProxyCreator,allMethods,org.springframework.aop.support.DefaultBeanFactoryPointcutAdvisor#0,txAdvice,org.springframework.context.annotation.ConfigurationClassPostProcessor.importAwareProcessor]; root of factory hierarchy
[INFO][2013-08-29 23:02:50,170][org.hibernate.annotations.common.Version]HCANN000001: Hibernate Commons Annotations {4.0.2.Final}
[INFO][2013-08-29 23:02:50,209][org.hibernate.Version]HHH000412: Hibernate Core {4.2.4.Final}
[INFO][2013-08-29 23:02:50,223][org.hibernate.cfg.Environment]HHH000206: hibernate.properties not found
[INFO][2013-08-29 23:02:50,232][org.hibernate.cfg.Environment]HHH000021: Bytecode provider name : javassist
[INFO][2013-08-29 23:02:52,896][org.hibernate.dialect.Dialect]HHH000400: Using dialect: org.hibernate.dialect.MySQLDialect
[INFO][2013-08-29 23:02:53,746][org.hibernate.engine.transaction.internal.TransactionFactoryInitiator]HHH000399: Using default transaction strategy (direct JDBC transactions)
[INFO][2013-08-29 23:02:53,780][org.hibernate.hql.internal.ast.ASTQueryTranslatorFactory]HHH000397: Using ASTQueryTranslatorFactory
[INFO][2013-08-29 23:02:54,093][org.hibernate.validator.internal.util.Version]HV000001: Hibernate Validator 5.0.1.Final
[INFO][2013-08-29 23:02:55,694][org.hibernate.tool.hbm2ddl.SchemaUpdate]HHH000228: Running hbm2ddl schema update
[INFO][2013-08-29 23:02:55,695][org.hibernate.tool.hbm2ddl.SchemaUpdate]HHH000102: Fetching database metadata
[INFO][2013-08-29 23:02:55,708][org.hibernate.tool.hbm2ddl.SchemaUpdate]HHH000396: Updating schema
[INFO][2013-08-29 23:02:55,797][org.hibernate.tool.hbm2ddl.TableMetadata]HHH000261: Table found: db_generic.t_customer
[INFO][2013-08-29 23:02:55,798][org.hibernate.tool.hbm2ddl.TableMetadata]HHH000037: Columns: [id, username, visible, date_modified, date_created, password, version]
[INFO][2013-08-29 23:02:55,799][org.hibernate.tool.hbm2ddl.TableMetadata]HHH000108: Foreign keys: []
[INFO][2013-08-29 23:02:55,799][org.hibernate.tool.hbm2ddl.TableMetadata]HHH000126: Indexes: [uk_todlmf3ht4o7oo7cg87gtvn1f, primary]
[INFO][2013-08-29 23:02:55,802][org.hibernate.tool.hbm2ddl.SchemaUpdate]HHH000232: Schema update complete
[INFO][2013-08-29 23:02:56,230][org.springframework.orm.hibernate4.HibernateTransactionManager]Using DataSource [org.apache.commons.dbcp.BasicDataSource@1dd361c0] of Hibernate SessionFactory for HibernateTransactionManager
[WARN][2013-08-29 23:02:57,373][org.dbunit.dataset.AbstractTableMetaData]Potential problem found: The configured data type factory 'class org.dbunit.dataset.datatype.DefaultDataTypeFactory' might cause problems with the current database 'MySQL' (e.g. some datatypes may not be supported properly). In rare cases you might see this message because the list of supported database products is incomplete (list=[derby]). If so please request a java-class update via the forums.If you are using your own IDataTypeFactory extending DefaultDataTypeFactory, ensure that you override getValidDbProducts() to specify the supported database products.
[WARN][2013-08-29 23:02:57,511][org.dbunit.dataset.AbstractTableMetaData]Potential problem found: The configured data type factory 'class org.dbunit.dataset.datatype.DefaultDataTypeFactory' might cause problems with the current database 'MySQL' (e.g. some datatypes may not be supported properly). In rare cases you might see this message because the list of supported database products is incomplete (list=[derby]). If so please request a java-class update via the forums.If you are using your own IDataTypeFactory extending DefaultDataTypeFactory, ensure that you override getValidDbProducts() to specify the supported database products.
[WARN][2013-08-29 23:02:59,357][org.hibernate.engine.jdbc.spi.SqlExceptionHelper]SQL Error: 1048, SQLState: 23000
[ERROR][2013-08-29 23:02:59,357][org.hibernate.engine.jdbc.spi.SqlExceptionHelper]Column 'date_created' cannot be null
[INFO][2013-08-29 23:02:59,563][org.springframework.context.support.GenericApplicationContext]Closing org.springframework.context.support.GenericApplicationContext@443efcc7: startup date [Thu Aug 29 23:02:47 CST 2013]; root of context hierarchy
[INFO][2013-08-29 23:02:59,569][org.springframework.beans.factory.support.DefaultListableBeanFactory]Destroying singletons in org.springframework.beans.factory.support.DefaultListableBeanFactory@55a32acc: defining beans [org.springframework.context.annotation.internalConfigurationAnnotationProcessor,org.springframework.context.annotation.internalAutowiredAnnotationProcessor,org.springframework.context.annotation.internalRequiredAnnotationProcessor,org.springframework.context.annotation.internalCommonAnnotationProcessor,org.springframework.context.annotation.internalPersistenceAnnotationProcessor,customerDao,dataSource,jdbcTemplate,sessionFactory,txManager,org.springframework.aop.config.internalAutoProxyCreator,allMethods,org.springframework.aop.support.DefaultBeanFactoryPointcutAdvisor#0,txAdvice,org.springframework.context.annotation.ConfigurationClassPostProcessor.importAwareProcessor]; root of factory hierarchy
[INFO][2013-08-29 23:03:31,166][org.springframework.beans.factory.xml.XmlBeanDefinitionReader]Loading XML bean definitions from class path resource [beans.xml]
[INFO][2013-08-29 23:03:32,269][org.springframework.context.annotation.ClassPathBeanDefinitionScanner]JSR-330 'javax.inject.Named' annotation found and supported for component scanning
[INFO][2013-08-29 23:03:32,786][org.springframework.context.support.GenericApplicationContext]Refreshing org.springframework.context.support.GenericApplicationContext@6578e964: startup date [Thu Aug 29 23:03:32 CST 2013]; root of context hierarchy
[INFO][2013-08-29 23:03:33,207][org.springframework.beans.factory.annotation.AutowiredAnnotationBeanPostProcessor]JSR-330 'javax.inject.Inject' annotation found and supported for autowiring
[INFO][2013-08-29 23:03:33,446][org.springframework.beans.factory.support.DefaultListableBeanFactory]Pre-instantiating singletons in org.springframework.beans.factory.support.DefaultListableBeanFactory@6a4993d4: defining beans [org.springframework.context.annotation.internalConfigurationAnnotationProcessor,org.springframework.context.annotation.internalAutowiredAnnotationProcessor,org.springframework.context.annotation.internalRequiredAnnotationProcessor,org.springframework.context.annotation.internalCommonAnnotationProcessor,org.springframework.context.annotation.internalPersistenceAnnotationProcessor,customerDao,dataSource,jdbcTemplate,sessionFactory,txManager,org.springframework.aop.config.internalAutoProxyCreator,allMethods,org.springframework.aop.support.DefaultBeanFactoryPointcutAdvisor#0,txAdvice,org.springframework.context.annotation.ConfigurationClassPostProcessor.importAwareProcessor]; root of factory hierarchy
[INFO][2013-08-29 23:03:35,336][org.hibernate.annotations.common.Version]HCANN000001: Hibernate Commons Annotations {4.0.2.Final}
[INFO][2013-08-29 23:03:35,364][org.hibernate.Version]HHH000412: Hibernate Core {4.2.4.Final}
[INFO][2013-08-29 23:03:35,373][org.hibernate.cfg.Environment]HHH000206: hibernate.properties not found
[INFO][2013-08-29 23:03:35,380][org.hibernate.cfg.Environment]HHH000021: Bytecode provider name : javassist
[INFO][2013-08-29 23:03:37,170][org.hibernate.dialect.Dialect]HHH000400: Using dialect: org.hibernate.dialect.MySQLDialect
[INFO][2013-08-29 23:03:37,833][org.hibernate.engine.transaction.internal.TransactionFactoryInitiator]HHH000399: Using default transaction strategy (direct JDBC transactions)
[INFO][2013-08-29 23:03:37,858][org.hibernate.hql.internal.ast.ASTQueryTranslatorFactory]HHH000397: Using ASTQueryTranslatorFactory
[INFO][2013-08-29 23:03:38,087][org.hibernate.validator.internal.util.Version]HV000001: Hibernate Validator 5.0.1.Final
[INFO][2013-08-29 23:03:39,552][org.hibernate.tool.hbm2ddl.SchemaUpdate]HHH000228: Running hbm2ddl schema update
[INFO][2013-08-29 23:03:39,553][org.hibernate.tool.hbm2ddl.SchemaUpdate]HHH000102: Fetching database metadata
[INFO][2013-08-29 23:03:39,567][org.hibernate.tool.hbm2ddl.SchemaUpdate]HHH000396: Updating schema
[INFO][2013-08-29 23:03:39,670][org.hibernate.tool.hbm2ddl.TableMetadata]HHH000261: Table found: db_generic.t_customer
[INFO][2013-08-29 23:03:39,671][org.hibernate.tool.hbm2ddl.TableMetadata]HHH000037: Columns: [id, username, visible, date_modified, date_created, password, version]
[INFO][2013-08-29 23:03:39,672][org.hibernate.tool.hbm2ddl.TableMetadata]HHH000108: Foreign keys: []
[INFO][2013-08-29 23:03:39,673][org.hibernate.tool.hbm2ddl.TableMetadata]HHH000126: Indexes: [uk_todlmf3ht4o7oo7cg87gtvn1f, primary]
[INFO][2013-08-29 23:03:39,676][org.hibernate.tool.hbm2ddl.SchemaUpdate]HHH000232: Schema update complete
[INFO][2013-08-29 23:03:40,034][org.springframework.orm.hibernate4.HibernateTransactionManager]Using DataSource [org.apache.commons.dbcp.BasicDataSource@27cc5532] of Hibernate SessionFactory for HibernateTransactionManager
[WARN][2013-08-29 23:03:41,051][org.dbunit.dataset.AbstractTableMetaData]Potential problem found: The configured data type factory 'class org.dbunit.dataset.datatype.DefaultDataTypeFactory' might cause problems with the current database 'MySQL' (e.g. some datatypes may not be supported properly). In rare cases you might see this message because the list of supported database products is incomplete (list=[derby]). If so please request a java-class update via the forums.If you are using your own IDataTypeFactory extending DefaultDataTypeFactory, ensure that you override getValidDbProducts() to specify the supported database products.
[WARN][2013-08-29 23:03:41,173][org.dbunit.dataset.AbstractTableMetaData]Potential problem found: The configured data type factory 'class org.dbunit.dataset.datatype.DefaultDataTypeFactory' might cause problems with the current database 'MySQL' (e.g. some datatypes may not be supported properly). In rare cases you might see this message because the list of supported database products is incomplete (list=[derby]). If so please request a java-class update via the forums.If you are using your own IDataTypeFactory extending DefaultDataTypeFactory, ensure that you override getValidDbProducts() to specify the supported database products.
[WARN][2013-08-29 23:03:42,832][org.hibernate.engine.jdbc.spi.SqlExceptionHelper]SQL Error: 1048, SQLState: 23000
[ERROR][2013-08-29 23:03:42,832][org.hibernate.engine.jdbc.spi.SqlExceptionHelper]Column 'date_created' cannot be null
[INFO][2013-08-29 23:03:43,152][org.springframework.context.support.GenericApplicationContext]Closing org.springframework.context.support.GenericApplicationContext@6578e964: startup date [Thu Aug 29 23:03:32 CST 2013]; root of context hierarchy
[INFO][2013-08-29 23:03:43,155][org.springframework.beans.factory.support.DefaultListableBeanFactory]Destroying singletons in org.springframework.beans.factory.support.DefaultListableBeanFactory@6a4993d4: defining beans [org.springframework.context.annotation.internalConfigurationAnnotationProcessor,org.springframework.context.annotation.internalAutowiredAnnotationProcessor,org.springframework.context.annotation.internalRequiredAnnotationProcessor,org.springframework.context.annotation.internalCommonAnnotationProcessor,org.springframework.context.annotation.internalPersistenceAnnotationProcessor,customerDao,dataSource,jdbcTemplate,sessionFactory,txManager,org.springframework.aop.config.internalAutoProxyCreator,allMethods,org.springframework.aop.support.DefaultBeanFactoryPointcutAdvisor#0,txAdvice,org.springframework.context.annotation.ConfigurationClassPostProcessor.importAwareProcessor]; root of factory hierarchy
